<?xml version="1.0" encoding="UTF-8"?>
<!-- Generated by org.testng.reporters.JUnitReportReporter -->
<testsuite name="TestChromeSelenium1" tests="2" time="14.045" ignored="0" failures="0" timestamp="30 окт 2019 12:33:12 GMT" skipped="0" hostname="DESKTOP-I7K1T1Q" errors="0">
  <testcase name="testChrome1" time="6.082" classname="TestChromeSelenium1"/>
  <testcase name="testChrome2" time="7.963" classname="TestChromeSelenium1"/>
</testsuite> <!-- TestChromeSelenium1 -->
